<?xml version="1.0" encoding="UTF-8"?>
<testsuite name="PasswordValidatorTest" tests="1" skipped="0" failures="0" errors="0" timestamp="2022-11-28T13:06:54" hostname="tex-tarabusi" time="0.016">
  <properties/>
  <testcase name="testChangeMe()" classname="PasswordValidatorTest" time="0.016"/>
  <system-out><![CDATA[]]></system-out>
  <system-err><![CDATA[]]></system-err>
</testsuite>
